Command line invocation:
    /Applications/Xcode.app/Contents/Developer/usr/bin/xcodebuild build -project "/Users/flatherskevin/codebase/modern-rpn/Modern RPN.xcodeproj" -scheme "Modern RPN" -destination id=7E464BC4-E2B2-4EE3-ABC9-DE65FEAAE40D -derivedDataPath /Users/flatherskevin/codebase/modern-rpn/.derived-data/screenshots

2026-05-26 06:15:37.631 xcodebuild[71132:27725720] [MT] IDERunDestination: Supported platforms for the buildables in the current scheme is empty.
ComputePackagePrebuildTargetDependencyGraph

Prepare packages

CreateBuildRequest

SendProjectDescription

CreateBuildOperation

ComputeTargetDependencyGraph
note: Building targets in dependency order
note: Target dependency graph (1 target)
    Target 'Modern RPN' in project 'Modern RPN' (no dependencies)

GatherProvisioningInputs

CreateBuildDescription

ExecuteExternalTool /Applications/Xcode.app/Contents/Developer/Toolchains/XcodeDefault.xctoolchain/usr/bin/clang -v -E -dM -isysroot /Applications/Xcode.app/Contents/Developer/Platforms/iPhoneSimulator.platform/Developer/SDKs/iPhoneSimulator26.2.sdk -x c -c /dev/null

ExecuteExternalTool /Applications/Xcode.app/Contents/Developer/usr/bin/actool --print-asset-tag-combinations --output-format xml1 /Users/flatherskevin/codebase/modern-rpn/Modern RPN/Assets.xcassets

ExecuteExternalTool /Applications/Xcode.app/Contents/Developer/usr/bin/actool --version --output-format xml1

ExecuteExternalTool /Applications/Xcode.app/Contents/Developer/Toolchains/XcodeDefault.xctoolchain/usr/bin/swiftc --version

ExecuteExternalTool /Applications/Xcode.app/Contents/Developer/Toolchains/XcodeDefault.xctoolchain/usr/bin/ld -version_details

Build description signature: 10b2529f0e50436026645a177937b51a
Build description path: /Users/flatherskevin/codebase/modern-rpn/.derived-data/screenshots/Build/Intermediates.noindex/XCBuildData/10b2529f0e50436026645a177937b51a.xcbuilddata
ClangStatCache /Applications/Xcode.app/Contents/Developer/Toolchains/XcodeDefault.xctoolchain/usr/bin/clang-stat-cache /Applications/Xcode.app/Contents/Developer/Platforms/iPhoneSimulator.platform/Developer/SDKs/iPhoneSimulator26.2.sdk /Users/flatherskevin/codebase/modern-rpn/.derived-data/screenshots/SDKStatCaches.noindex/iphonesimulator26.2-23C57-7d00a8b37fbd7999ea79df8ebc024bf0.sdkstatcache
    cd /Users/flatherskevin/codebase/modern-rpn/Modern\ RPN.xcodeproj
    /Applications/Xcode.app/Contents/Developer/Toolchains/XcodeDefault.xctoolchain/usr/bin/clang-stat-cache /Applications/Xcode.app/Contents/Developer/Platforms/iPhoneSimulator.platform/Developer/SDKs/iPhoneSimulator26.2.sdk -o /Users/flatherskevin/codebase/modern-rpn/.derived-data/screenshots/SDKStatCaches.noindex/iphonesimulator26.2-23C57-7d00a8b37fbd7999ea79df8ebc024bf0.sdkstatcache

CreateBuildDirectory /Users/flatherskevin/codebase/modern-rpn/.derived-data/screenshots/Build/Intermediates.noindex
    cd /Users/flatherskevin/codebase/modern-rpn/Modern\ RPN.xcodeproj
    builtin-create-build-directory /Users/flatherskevin/codebase/modern-rpn/.derived-data/screenshots/Build/Intermediates.noindex

CreateBuildDirectory /Users/flatherskevin/codebase/modern-rpn/.derived-data/screenshots/Build/Products
    cd /Users/flatherskevin/codebase/modern-rpn/Modern\ RPN.xcodeproj
    builtin-create-build-directory /Users/flatherskevin/codebase/modern-rpn/.derived-data/screenshots/Build/Products

CreateBuildDirectory /Users/flatherskevin/codebase/modern-rpn/.derived-data/screenshots/Build/Products/Debug-iphonesimulator
    cd /Users/flatherskevin/codebase/modern-rpn/Modern\ RPN.xcodeproj
    builtin-create-build-directory /Users/flatherskevin/codebase/modern-rpn/.derived-data/screenshots/Build/Products/Debug-iphonesimulator

CreateBuildDirectory /Users/flatherskevin/codebase/modern-rpn/.derived-data/screenshots/Build/Intermediates.noindex/SwiftExplicitPrecompiledModules
    cd /Users/flatherskevin/codebase/modern-rpn/Modern\ RPN.xcodeproj
    builtin-create-build-directory /Users/flatherskevin/codebase/modern-rpn/.derived-data/screenshots/Build/Intermediates.noindex/SwiftExplicitPrecompiledModules

CreateBuildDirectory /Users/flatherskevin/codebase/modern-rpn/.derived-data/screenshots/Build/Intermediates.noindex/ExplicitPrecompiledModules
    cd /Users/flatherskevin/codebase/modern-rpn/Modern\ RPN.xcodeproj
    builtin-create-build-directory /Users/flatherskevin/codebase/modern-rpn/.derived-data/screenshots/Build/Intermediates.noindex/ExplicitPrecompiledModules

WriteAuxiliaryFile /Users/flatherskevin/codebase/modern-rpn/.derived-data/screenshots/Build/Intermediates.noindex/Modern\ RPN.build/Debug-iphonesimulator/Modern\ RPN-ded591ad356c1228cb8f2d85c0415487-VFS-iphonesimulator/all-product-headers.yaml
    cd /Users/flatherskevin/codebase/modern-rpn/Modern\ RPN.xcodeproj
    write-file /Users/flatherskevin/codebase/modern-rpn/.derived-data/screenshots/Build/Intermediates.noindex/Modern\ RPN.build/Debug-iphonesimulator/Modern\ RPN-ded591ad356c1228cb8f2d85c0415487-VFS-iphonesimulator/all-product-headers.yaml

CreateBuildDirectory /Users/flatherskevin/codebase/modern-rpn/.derived-data/screenshots/Build/Intermediates.noindex/EagerLinkingTBDs/Debug-iphonesimulator
    cd /Users/flatherskevin/codebase/modern-rpn/Modern\ RPN.xcodeproj
    builtin-create-build-directory /Users/flatherskevin/codebase/modern-rpn/.derived-data/screenshots/Build/Intermediates.noindex/EagerLinkingTBDs/Debug-iphonesimulator

WriteAuxiliaryFile /Users/flatherskevin/codebase/modern-rpn/.derived-data/screenshots/Build/Intermediates.noindex/Modern\ RPN.build/Debug-iphonesimulator/Modern\ RPN.build/empty-Modern\ RPN.plist (in target 'Modern RPN' from project 'Modern RPN')
    cd /Users/flatherskevin/codebase/modern-rpn
    write-file /Users/flatherskevin/codebase/modern-rpn/.derived-data/screenshots/Build/Intermediates.noindex/Modern\ RPN.build/Debug-iphonesimulator/Modern\ RPN.build/empty-Modern\ RPN.plist

WriteAuxiliaryFile /Users/flatherskevin/codebase/modern-rpn/.derived-data/screenshots/Build/Intermediates.noindex/Modern\ RPN.build/Debug-iphonesimulator/Modern\ RPN.build/Objects-normal/arm64/Modern\ RPN_const_extract_protocols.json (in target 'Modern RPN' from project 'Modern RPN')
    cd /Users/flatherskevin/codebase/modern-rpn
    write-file /Users/flatherskevin/codebase/modern-rpn/.derived-data/screenshots/Build/Intermediates.noindex/Modern\ RPN.build/Debug-iphonesimulator/Modern\ RPN.build/Objects-normal/arm64/Modern\ RPN_const_extract_protocols.json

WriteAuxiliaryFile /Users/flatherskevin/codebase/modern-rpn/.derived-data/screenshots/Build/Intermediates.noindex/Modern\ RPN.build/Debug-iphonesimulator/Modern\ RPN.build/Objects-normal/arm64/Modern\ RPN-OutputFileMap.json (in target 'Modern RPN' from project 'Modern RPN')
    cd /Users/flatherskevin/codebase/modern-rpn
    write-file /Users/flatherskevin/codebase/modern-rpn/.derived-data/screenshots/Build/Intermediates.noindex/Modern\ RPN.build/Debug-iphonesimulator/Modern\ RPN.build/Objects-normal/arm64/Modern\ RPN-OutputFileMap.json

WriteAuxiliaryFile /Users/flatherskevin/codebase/modern-rpn/.derived-data/screenshots/Build/Intermediates.noindex/Modern\ RPN.build/Debug-iphonesimulator/Modern\ RPN.build/Modern\ RPN.hmap (in target 'Modern RPN' from project 'Modern RPN')
    cd /Users/flatherskevin/codebase/modern-rpn
    write-file /Users/flatherskevin/codebase/modern-rpn/.derived-data/screenshots/Build/Intermediates.noindex/Modern\ RPN.build/Debug-iphonesimulator/Modern\ RPN.build/Modern\ RPN.hmap

WriteAuxiliaryFile /Users/flatherskevin/codebase/modern-rpn/.derived-data/screenshots/Build/Intermediates.noindex/Modern\ RPN.build/Debug-iphonesimulator/Modern\ RPN.build/Modern\ RPN-project-headers.hmap (in target 'Modern RPN' from project 'Modern RPN')
    cd /Users/flatherskevin/codebase/modern-rpn
    write-file /Users/flatherskevin/codebase/modern-rpn/.derived-data/screenshots/Build/Intermediates.noindex/Modern\ RPN.build/Debug-iphonesimulator/Modern\ RPN.build/Modern\ RPN-project-headers.hmap

WriteAuxiliaryFile /Users/flatherskevin/codebase/modern-rpn/.derived-data/screenshots/Build/Intermediates.noindex/Modern\ RPN.build/Debug-iphonesimulator/Modern\ RPN.build/Modern\ RPN-own-target-headers.hmap (in target 'Modern RPN' from project 'Modern RPN')
    cd /Users/flatherskevin/codebase/modern-rpn
    write-file /Users/flatherskevin/codebase/modern-rpn/.derived-data/screenshots/Build/Intermediates.noindex/Modern\ RPN.build/Debug-iphonesimulator/Modern\ RPN.build/Modern\ RPN-own-target-headers.hmap

WriteAuxiliaryFile /Users/flatherskevin/codebase/modern-rpn/.derived-data/screenshots/Build/Intermediates.noindex/Modern\ RPN.build/Debug-iphonesimulator/Modern\ RPN.build/Modern\ RPN-generated-files.hmap (in target 'Modern RPN' from project 'Modern RPN')
    cd /Users/flatherskevin/codebase/modern-rpn
    write-file /Users/flatherskevin/codebase/modern-rpn/.derived-data/screenshots/Build/Intermediates.noindex/Modern\ RPN.build/Debug-iphonesimulator/Modern\ RPN.build/Modern\ RPN-generated-files.hmap

WriteAuxiliaryFile /Users/flatherskevin/codebase/modern-rpn/.derived-data/screenshots/Build/Intermediates.noindex/Modern\ RPN.build/Debug-iphonesimulator/Modern\ RPN.build/Objects-normal/arm64/Modern\ RPN.SwiftFileList (in target 'Modern RPN' from project 'Modern RPN')
    cd /Users/flatherskevin/codebase/modern-rpn
    write-file /Users/flatherskevin/codebase/modern-rpn/.derived-data/screenshots/Build/Intermediates.noindex/Modern\ RPN.build/Debug-iphonesimulator/Modern\ RPN.build/Objects-normal/arm64/Modern\ RPN.SwiftFileList

WriteAuxiliaryFile /Users/flatherskevin/codebase/modern-rpn/.derived-data/screenshots/Build/Intermediates.noindex/Modern\ RPN.build/Debug-iphonesimulator/Modern\ RPN.build/Objects-normal/arm64/Modern\ RPN.SwiftConstValuesFileList (in target 'Modern RPN' from project 'Modern RPN')
    cd /Users/flatherskevin/codebase/modern-rpn
    write-file /Users/flatherskevin/codebase/modern-rpn/.derived-data/screenshots/Build/Intermediates.noindex/Modern\ RPN.build/Debug-iphonesimulator/Modern\ RPN.build/Objects-normal/arm64/Modern\ RPN.SwiftConstValuesFileList

WriteAuxiliaryFile /Users/flatherskevin/codebase/modern-rpn/.derived-data/screenshots/Build/Intermediates.noindex/Modern\ RPN.build/Debug-iphonesimulator/Modern\ RPN.build/Objects-normal/arm64/Modern\ RPN.LinkFileList (in target 'Modern RPN' from project 'Modern RPN')
    cd /Users/flatherskevin/codebase/modern-rpn
    write-file /Users/flatherskevin/codebase/modern-rpn/.derived-data/screenshots/Build/Intermediates.noindex/Modern\ RPN.build/Debug-iphonesimulator/Modern\ RPN.build/Objects-normal/arm64/Modern\ RPN.LinkFileList

WriteAuxiliaryFile /Users/flatherskevin/codebase/modern-rpn/.derived-data/screenshots/Build/Intermediates.noindex/Modern\ RPN.build/Debug-iphonesimulator/Modern\ RPN.build/Modern\ RPN.DependencyStaticMetadataFileList (in target 'Modern RPN' from project 'Modern RPN')
    cd /Users/flatherskevin/codebase/modern-rpn
    write-file /Users/flatherskevin/codebase/modern-rpn/.derived-data/screenshots/Build/Intermediates.noindex/Modern\ RPN.build/Debug-iphonesimulator/Modern\ RPN.build/Modern\ RPN.DependencyStaticMetadataFileList

WriteAuxiliaryFile /Users/flatherskevin/codebase/modern-rpn/.derived-data/screenshots/Build/Intermediates.noindex/Modern\ RPN.build/Debug-iphonesimulator/Modern\ RPN.build/Modern\ RPN-all-target-headers.hmap (in target 'Modern RPN' from project 'Modern RPN')
    cd /Users/flatherskevin/codebase/modern-rpn
    write-file /Users/flatherskevin/codebase/modern-rpn/.derived-data/screenshots/Build/Intermediates.noindex/Modern\ RPN.build/Debug-iphonesimulator/Modern\ RPN.build/Modern\ RPN-all-target-headers.hmap

WriteAuxiliaryFile /Users/flatherskevin/codebase/modern-rpn/.derived-data/screenshots/Build/Intermediates.noindex/Modern\ RPN.build/Debug-iphonesimulator/Modern\ RPN.build/Modern\ RPN.DependencyMetadataFileList (in target 'Modern RPN' from project 'Modern RPN')
    cd /Users/flatherskevin/codebase/modern-rpn
    write-file /Users/flatherskevin/codebase/modern-rpn/.derived-data/screenshots/Build/Intermediates.noindex/Modern\ RPN.build/Debug-iphonesimulator/Modern\ RPN.build/Modern\ RPN.DependencyMetadataFileList

WriteAuxiliaryFile /Users/flatherskevin/codebase/modern-rpn/.derived-data/screenshots/Build/Intermediates.noindex/Modern\ RPN.build/Debug-iphonesimulator/Modern\ RPN.build/Modern\ RPN-all-non-framework-target-headers.hmap (in target 'Modern RPN' from project 'Modern RPN')
    cd /Users/flatherskevin/codebase/modern-rpn
    write-file /Users/flatherskevin/codebase/modern-rpn/.derived-data/screenshots/Build/Intermediates.noindex/Modern\ RPN.build/Debug-iphonesimulator/Modern\ RPN.build/Modern\ RPN-all-non-framework-target-headers.hmap

WriteAuxiliaryFile /Users/flatherskevin/codebase/modern-rpn/.derived-data/screenshots/Build/Intermediates.noindex/Modern\ RPN.build/Debug-iphonesimulator/Modern\ RPN.build/Modern\ RPN-DebugDylibPath-normal-arm64.txt (in target 'Modern RPN' from project 'Modern RPN')
    cd /Users/flatherskevin/codebase/modern-rpn
    write-file /Users/flatherskevin/codebase/modern-rpn/.derived-data/screenshots/Build/Intermediates.noindex/Modern\ RPN.build/Debug-iphonesimulator/Modern\ RPN.build/Modern\ RPN-DebugDylibPath-normal-arm64.txt

WriteAuxiliaryFile /Users/flatherskevin/codebase/modern-rpn/.derived-data/screenshots/Build/Intermediates.noindex/Modern\ RPN.build/Debug-iphonesimulator/Modern\ RPN.build/Modern\ RPN-DebugDylibInstallName-normal-arm64.txt (in target 'Modern RPN' from project 'Modern RPN')
    cd /Users/flatherskevin/codebase/modern-rpn
    write-file /Users/flatherskevin/codebase/modern-rpn/.derived-data/screenshots/Build/Intermediates.noindex/Modern\ RPN.build/Debug-iphonesimulator/Modern\ RPN.build/Modern\ RPN-DebugDylibInstallName-normal-arm64.txt

WriteAuxiliaryFile /Users/flatherskevin/codebase/modern-rpn/.derived-data/screenshots/Build/Intermediates.noindex/Modern\ RPN.build/Debug-iphonesimulator/Modern\ RPN.build/DerivedSources/Entitlements-Simulated.plist (in target 'Modern RPN' from project 'Modern RPN')
    cd /Users/flatherskevin/codebase/modern-rpn
    write-file /Users/flatherskevin/codebase/modern-rpn/.derived-data/screenshots/Build/Intermediates.noindex/Modern\ RPN.build/Debug-iphonesimulator/Modern\ RPN.build/DerivedSources/Entitlements-Simulated.plist

MkDir /Users/flatherskevin/codebase/modern-rpn/.derived-data/screenshots/Build/Products/Debug-iphonesimulator/Modern\ RPN.app (in target 'Modern RPN' from project 'Modern RPN')
    cd /Users/flatherskevin/codebase/modern-rpn
    /bin/mkdir -p /Users/flatherskevin/codebase/modern-rpn/.derived-data/screenshots/Build/Products/Debug-iphonesimulator/Modern\ RPN.app

ProcessProductPackaging "" /Users/flatherskevin/codebase/modern-rpn/.derived-data/screenshots/Build/Intermediates.noindex/Modern\ RPN.build/Debug-iphonesimulator/Modern\ RPN.build/Modern\ RPN.app-Simulated.xcent (in target 'Modern RPN' from project 'Modern RPN')
    cd /Users/flatherskevin/codebase/modern-rpn
    
    Entitlements:
    
    {
    "application-identifier" = "8Q3887939S.comixmastertech.Modern-RPN";
}
    
    builtin-productPackagingUtility -entitlements -format xml -o /Users/flatherskevin/codebase/modern-rpn/.derived-data/screenshots/Build/Intermediates.noindex/Modern\ RPN.build/Debug-iphonesimulator/Modern\ RPN.build/Modern\ RPN.app-Simulated.xcent

ProcessProductPackagingDER /Users/flatherskevin/codebase/modern-rpn/.derived-data/screenshots/Build/Intermediates.noindex/Modern\ RPN.build/Debug-iphonesimulator/Modern\ RPN.build/Modern\ RPN.app-Simulated.xcent /Users/flatherskevin/codebase/modern-rpn/.derived-data/screenshots/Build/Intermediates.noindex/Modern\ RPN.build/Debug-iphonesimulator/Modern\ RPN.build/Modern\ RPN.app-Simulated.xcent.der (in target 'Modern RPN' from project 'Modern RPN')
    cd /Users/flatherskevin/codebase/modern-rpn
    /usr/bin/derq query -f xml -i /Users/flatherskevin/codebase/modern-rpn/.derived-data/screenshots/Build/Intermediates.noindex/Modern\ RPN.build/Debug-iphonesimulator/Modern\ RPN.build/Modern\ RPN.app-Simulated.xcent -o /Users/flatherskevin/codebase/modern-rpn/.derived-data/screenshots/Build/Intermediates.noindex/Modern\ RPN.build/Debug-iphonesimulator/Modern\ RPN.build/Modern\ RPN.app-Simulated.xcent.der --raw

Ld /Users/flatherskevin/codebase/modern-rpn/.derived-data/screenshots/Build/Products/Debug-iphonesimulator/Modern\ RPN.app/__preview.dylib normal (in target 'Modern RPN' from project 'Modern RPN')
    cd /Users/flatherskevin/codebase/modern-rpn
    /Applications/Xcode.app/Contents/Developer/Toolchains/XcodeDefault.xctoolchain/usr/bin/clang -Xlinker -reproducible -target arm64-apple-ios26.2-simulator -dynamiclib -isysroot /Applications/Xcode.app/Contents/Developer/Platforms/iPhoneSimulator.platform/Developer/SDKs/iPhoneSimulator26.2.sdk -O0 -L/Users/flatherskevin/codebase/modern-rpn/.derived-data/screenshots/Build/Products/Debug-iphonesimulator -F/Users/flatherskevin/codebase/modern-rpn/.derived-data/screenshots/Build/Products/Debug-iphonesimulator -install_name @rpath/Modern\ RPN.debug.dylib -dead_strip -rdynamic -Xlinker -no_deduplicate -Xlinker -objc_abi_version -Xlinker 2 -Xlinker -debug_variant -Xlinker -dependency_info -Xlinker /Users/flatherskevin/codebase/modern-rpn/.derived-data/screenshots/Build/Intermediates.noindex/Modern\ RPN.build/Debug-iphonesimulator/Modern\ RPN.build/Objects-normal/arm64/Modern\ RPN_dependency_info.dat -Xlinker -sectcreate -Xlinker __TEXT -Xlinker __entitlements -Xlinker /Users/flatherskevin/codebase/modern-rpn/.derived-data/screenshots/Build/Intermediates.noindex/Modern\ RPN.build/Debug-iphonesimulator/Modern\ RPN.build/Modern\ RPN.app-Simulated.xcent -Xlinker -sectcreate -Xlinker __TEXT -Xlinker __ents_der -Xlinker /Users/flatherskevin/codebase/modern-rpn/.derived-data/screenshots/Build/Intermediates.noindex/Modern\ RPN.build/Debug-iphonesimulator/Modern\ RPN.build/Modern\ RPN.app-Simulated.xcent.der -Xlinker -no_adhoc_codesign -o /Users/flatherskevin/codebase/modern-rpn/.derived-data/screenshots/Build/Products/Debug-iphonesimulator/Modern\ RPN.app/__preview.dylib

MkDir /Users/flatherskevin/codebase/modern-rpn/.derived-data/screenshots/Build/Intermediates.noindex/Modern\ RPN.build/Debug-iphonesimulator/Modern\ RPN.build/assetcatalog_output/unthinned (in target 'Modern RPN' from project 'Modern RPN')
    cd /Users/flatherskevin/codebase/modern-rpn
    /bin/mkdir -p /Users/flatherskevin/codebase/modern-rpn/.derived-data/screenshots/Build/Intermediates.noindex/Modern\ RPN.build/Debug-iphonesimulator/Modern\ RPN.build/assetcatalog_output/unthinned

MkDir /Users/flatherskevin/codebase/modern-rpn/.derived-data/screenshots/Build/Intermediates.noindex/Modern\ RPN.build/Debug-iphonesimulator/Modern\ RPN.build/assetcatalog_output/thinned (in target 'Modern RPN' from project 'Modern RPN')
    cd /Users/flatherskevin/codebase/modern-rpn
    /bin/mkdir -p /Users/flatherskevin/codebase/modern-rpn/.derived-data/screenshots/Build/Intermediates.noindex/Modern\ RPN.build/Debug-iphonesimulator/Modern\ RPN.build/assetcatalog_output/thinned

GenerateAssetSymbols /Users/flatherskevin/codebase/modern-rpn/Modern\ RPN/Assets.xcassets (in target 'Modern RPN' from project 'Modern RPN')
    cd /Users/flatherskevin/codebase/modern-rpn
    /Applications/Xcode.app/Contents/Developer/usr/bin/actool /Users/flatherskevin/codebase/modern-rpn/Modern\ RPN/Assets.xcassets --compile /Users/flatherskevin/codebase/modern-rpn/.derived-data/screenshots/Build/Products/Debug-iphonesimulator/Modern\ RPN.app --output-format human-readable-text --notices --warnings --export-dependency-info /Users/flatherskevin/codebase/modern-rpn/.derived-data/screenshots/Build/Intermediates.noindex/Modern\ RPN.build/Debug-iphonesimulator/Modern\ RPN.build/assetcatalog_dependencies --output-partial-info-plist /Users/flatherskevin/codebase/modern-rpn/.derived-data/screenshots/Build/Intermediates.noindex/Modern\ RPN.build/Debug-iphonesimulator/Modern\ RPN.build/assetcatalog_generated_info.plist --app-icon AppIcon --accent-color AccentColor --compress-pngs --enable-on-demand-resources YES --development-region en --target-device iphone --target-device ipad --minimum-deployment-target 26.2 --platform iphonesimulator --bundle-identifier comixmastertech.Modern-RPN --generate-swift-asset-symbols /Users/flatherskevin/codebase/modern-rpn/.derived-data/screenshots/Build/Intermediates.noindex/Modern\ RPN.build/Debug-iphonesimulator/Modern\ RPN.build/DerivedSources/GeneratedAssetSymbols.swift --generate-objc-asset-symbols /Users/flatherskevin/codebase/modern-rpn/.derived-data/screenshots/Build/Intermediates.noindex/Modern\ RPN.build/Debug-iphonesimulator/Modern\ RPN.build/DerivedSources/GeneratedAssetSymbols.h --generate-asset-symbol-index /Users/flatherskevin/codebase/modern-rpn/.derived-data/screenshots/Build/Intermediates.noindex/Modern\ RPN.build/Debug-iphonesimulator/Modern\ RPN.build/DerivedSources/GeneratedAssetSymbols-Index.plist
/* com.apple.actool.compilation-results */
/Users/flatherskevin/codebase/modern-rpn/.derived-data/screenshots/Build/Intermediates.noindex/Modern RPN.build/Debug-iphonesimulator/Modern RPN.build/DerivedSources/GeneratedAssetSymbols-Index.plist
/Users/flatherskevin/codebase/modern-rpn/.derived-data/screenshots/Build/Intermediates.noindex/Modern RPN.build/Debug-iphonesimulator/Modern RPN.build/DerivedSources/GeneratedAssetSymbols.h
/Users/flatherskevin/codebase/modern-rpn/.derived-data/screenshots/Build/Intermediates.noindex/Modern RPN.build/Debug-iphonesimulator/Modern RPN.build/DerivedSources/GeneratedAssetSymbols.swift


CpResource /Users/flatherskevin/codebase/modern-rpn/.derived-data/screenshots/Build/Products/Debug-iphonesimulator/Modern\ RPN.app/PrivacyPolicy.md /Users/flatherskevin/codebase/modern-rpn/Modern\ RPN/PrivacyPolicy.md (in target 'Modern RPN' from project 'Modern RPN')
    cd /Users/flatherskevin/codebase/modern-rpn
    builtin-copy -exclude .DS_Store -exclude CVS -exclude .svn -exclude .git -exclude .hg -resolve-src-symlinks /Users/flatherskevin/codebase/modern-rpn/Modern\ RPN/PrivacyPolicy.md /Users/flatherskevin/codebase/modern-rpn/.derived-data/screenshots/Build/Products/Debug-iphonesimulator/Modern\ RPN.app

CompileAssetCatalogVariant thinned /Users/flatherskevin/codebase/modern-rpn/.derived-data/screenshots/Build/Products/Debug-iphonesimulator/Modern\ RPN.app /Users/flatherskevin/codebase/modern-rpn/Modern\ RPN/Assets.xcassets (in target 'Modern RPN' from project 'Modern RPN')
    cd /Users/flatherskevin/codebase/modern-rpn
    /Applications/Xcode.app/Contents/Developer/usr/bin/actool /Users/flatherskevin/codebase/modern-rpn/Modern\ RPN/Assets.xcassets --compile /Users/flatherskevin/codebase/modern-rpn/.derived-data/screenshots/Build/Intermediates.noindex/Modern\ RPN.build/Debug-iphonesimulator/Modern\ RPN.build/assetcatalog_output/thinned --output-format human-readable-text --notices --warnings --export-dependency-info /Users/flatherskevin/codebase/modern-rpn/.derived-data/screenshots/Build/Intermediates.noindex/Modern\ RPN.build/Debug-iphonesimulator/Modern\ RPN.build/assetcatalog_dependencies_thinned --output-partial-info-plist /Users/flatherskevin/codebase/modern-rpn/.derived-data/screenshots/Build/Intermediates.noindex/Modern\ RPN.build/Debug-iphonesimulator/Modern\ RPN.build/assetcatalog_generated_info.plist_thinned --app-icon AppIcon --accent-color AccentColor --compress-pngs --enable-on-demand-resources YES --filter-for-thinning-device-configuration iPhone18,3 --filter-for-device-os-version 26.2 --development-region en --target-device iphone --target-device ipad --minimum-deployment-target 26.2 --platform iphonesimulator
/* com.apple.actool.compilation-results */
/Users/flatherskevin/codebase/modern-rpn/.derived-data/screenshots/Build/Intermediates.noindex/Modern RPN.build/Debug-iphonesimulator/Modern RPN.build/assetcatalog_generated_info.plist_thinned
/Users/flatherskevin/codebase/modern-rpn/.derived-data/screenshots/Build/Intermediates.noindex/Modern RPN.build/Debug-iphonesimulator/Modern RPN.build/assetcatalog_output/thinned/AppIcon60x60@2x.png
/Users/flatherskevin/codebase/modern-rpn/.derived-data/screenshots/Build/Intermediates.noindex/Modern RPN.build/Debug-iphonesimulator/Modern RPN.build/assetcatalog_output/thinned/AppIcon76x76@2x~ipad.png
/Users/flatherskevin/codebase/modern-rpn/.derived-data/screenshots/Build/Intermediates.noindex/Modern RPN.build/Debug-iphonesimulator/Modern RPN.build/assetcatalog_output/thinned/Assets.car


SwiftDriver Modern\ RPN normal arm64 com.apple.xcode.tools.swift.compiler (in target 'Modern RPN' from project 'Modern RPN')
    cd /Users/flatherskevin/codebase/modern-rpn
    builtin-SwiftDriver -- /Applications/Xcode.app/Contents/Developer/Toolchains/XcodeDefault.xctoolchain/usr/bin/swiftc -module-name Modern_RPN -Onone -enforce-exclusivity\=checked @/Users/flatherskevin/codebase/modern-rpn/.derived-data/screenshots/Build/Intermediates.noindex/Modern\ RPN.build/Debug-iphonesimulator/Modern\ RPN.build/Objects-normal/arm64/Modern\ RPN.SwiftFileList -DDEBUG -default-isolation\=MainActor -enable-bare-slash-regex -enable-upcoming-feature DisableOutwardActorInference -enable-upcoming-feature InferSendableFromCaptures -enable-upcoming-feature GlobalActorIsolatedTypesUsability -enable-upcoming-feature MemberImportVisibility -enable-upcoming-feature InferIsolatedConformances -enable-upcoming-feature NonisolatedNonsendingByDefault -enable-experimental-feature DebugDescriptionMacro -sdk /Applications/Xcode.app/Contents/Developer/Platforms/iPhoneSimulator.platform/Developer/SDKs/iPhoneSimulator26.2.sdk -target arm64-apple-ios26.2-simulator -g -module-cache-path /Users/flatherskevin/codebase/modern-rpn/.derived-data/screenshots/ModuleCache.noindex -Xfrontend -serialize-debugging-options -profile-coverage-mapping -profile-generate -enable-testing -index-store-path /Users/flatherskevin/codebase/modern-rpn/.derived-data/screenshots/Index.noindex/DataStore -Xcc -D_LIBCPP_HARDENING_MODE\=_LIBCPP_HARDENING_MODE_DEBUG -swift-version 5 -I /Users/flatherskevin/codebase/modern-rpn/.derived-data/screenshots/Build/Products/Debug-iphonesimulator -F /Users/flatherskevin/codebase/modern-rpn/.derived-data/screenshots/Build/Products/Debug-iphonesimulator -emit-localized-strings -emit-localized-strings-path /Users/flatherskevin/codebase/modern-rpn/.derived-data/screenshots/Build/Intermediates.noindex/Modern\ RPN.build/Debug-iphonesimulator/Modern\ RPN.build/Objects-normal/arm64 -c -j8 -enable-batch-mode -incremental -Xcc -ivfsstatcache -Xcc /Users/flatherskevin/codebase/modern-rpn/.derived-data/screenshots/SDKStatCaches.noindex/iphonesimulator26.2-23C57-7d00a8b37fbd7999ea79df8ebc024bf0.sdkstatcache -output-file-map /Users/flatherskevin/codebase/modern-rpn/.derived-data/screenshots/Build/Intermediates.noindex/Modern\ RPN.build/Debug-iphonesimulator/Modern\ RPN.build/Objects-normal/arm64/Modern\ RPN-OutputFileMap.json -use-frontend-parseable-output -save-temps -no-color-diagnostics -explicit-module-build -module-cache-path /Users/flatherskevin/codebase/modern-rpn/.derived-data/screenshots/Build/Intermediates.noindex/SwiftExplicitPrecompiledModules -clang-scanner-module-cache-path /Users/flatherskevin/codebase/modern-rpn/.derived-data/screenshots/ModuleCache.noindex -sdk-module-cache-path /Users/flatherskevin/codebase/modern-rpn/.derived-data/screenshots/ModuleCache.noindex -serialize-diagnostics -emit-dependencies -emit-module -emit-module-path /Users/flatherskevin/codebase/modern-rpn/.derived-data/screenshots/Build/Intermediates.noindex/Modern\ RPN.build/Debug-iphonesimulator/Modern\ RPN.build/Objects-normal/arm64/Modern_RPN.swiftmodule -validate-clang-modules-once -clang-build-session-file /Users/flatherskevin/codebase/modern-rpn/.derived-data/screenshots/ModuleCache.noindex/Session.modulevalidation -Xcc -I/Users/flatherskevin/codebase/modern-rpn/.derived-data/screenshots/Build/Intermediates.noindex/Modern\ RPN.build/Debug-iphonesimulator/Modern\ RPN.build/swift-overrides.hmap -emit-const-values -Xfrontend -const-gather-protocols-file -Xfrontend /Users/flatherskevin/codebase/modern-rpn/.derived-data/screenshots/Build/Intermediates.noindex/Modern\ RPN.build/Debug-iphonesimulator/Modern\ RPN.build/Objects-normal/arm64/Modern\ RPN_const_extract_protocols.json -Xcc -iquote -Xcc /Users/flatherskevin/codebase/modern-rpn/.derived-data/screenshots/Build/Intermediates.noindex/Modern\ RPN.build/Debug-iphonesimulator/Modern\ RPN.build/Modern\ RPN-generated-files.hmap -Xcc -I/Users/flatherskevin/codebase/modern-rpn/.derived-data/screenshots/Build/Intermediates.noindex/Modern\ RPN.build/Debug-iphonesimulator/Modern\ RPN.build/Modern\ RPN-own-target-headers.hmap -Xcc -I/Users/flatherskevin/codebase/modern-rpn/.derived-data/screenshots/Build/Intermediates.noindex/Modern\ RPN.build/Debug-iphonesimulator/Modern\ RPN.build/Modern\ RPN-all-target-headers.hmap -Xcc -iquote -Xcc /Users/flatherskevin/codebase/modern-rpn/.derived-data/screenshots/Build/Intermediates.noindex/Modern\ RPN.build/Debug-iphonesimulator/Modern\ RPN.build/Modern\ RPN-project-headers.hmap -Xcc -I/Users/flatherskevin/codebase/modern-rpn/.derived-data/screenshots/Build/Products/Debug-iphonesimulator/include -Xcc -I/Users/flatherskevin/codebase/modern-rpn/.derived-data/screenshots/Build/Intermediates.noindex/Modern\ RPN.build/Debug-iphonesimulator/Modern\ RPN.build/DerivedSources-normal/arm64 -Xcc -I/Users/flatherskevin/codebase/modern-rpn/.derived-data/screenshots/Build/Intermediates.noindex/Modern\ RPN.build/Debug-iphonesimulator/Modern\ RPN.build/DerivedSources/arm64 -Xcc -I/Users/flatherskevin/codebase/modern-rpn/.derived-data/screenshots/Build/Intermediates.noindex/Modern\ RPN.build/Debug-iphonesimulator/Modern\ RPN.build/DerivedSources -Xcc -DDEBUG\=1 -emit-objc-header -emit-objc-header-path /Users/flatherskevin/codebase/modern-rpn/.derived-data/screenshots/Build/Intermediates.noindex/Modern\ RPN.build/Debug-iphonesimulator/Modern\ RPN.build/Objects-normal/arm64/Modern_RPN-Swift.h -working-directory /Users/flatherskevin/codebase/modern-rpn -experimental-emit-module-separately -disable-cmo

SwiftExplicitDependencyGeneratePcm arm64 /Users/flatherskevin/codebase/modern-rpn/.derived-data/screenshots/ModuleCache.noindex/_Builtin_stdbool-B4UYG5Q66DZK4INXI5M7LPX0V.pcm

SwiftExplicitDependencyGeneratePcm arm64 /Users/flatherskevin/codebase/modern-rpn/.derived-data/screenshots/ModuleCache.noindex/SwiftShims-4LYFA0IS5BS4FPY9181AM7J5M.pcm

SwiftExplicitDependencyGeneratePcm arm64 /Users/flatherskevin/codebase/modern-rpn/.derived-data/screenshots/ModuleCache.noindex/ptrauth-3G4UD0MMYGRQVF2KKATDNFDRQ.pcm

SwiftExplicitDependencyGeneratePcm arm64 /Users/flatherskevin/codebase/modern-rpn/.derived-data/screenshots/ModuleCache.noindex/_Builtin_stddef-D47RCZFV44ZK1KE648SIQ8DOW.pcm

SwiftExplicitDependencyGeneratePcm arm64 /Users/flatherskevin/codebase/modern-rpn/.derived-data/screenshots/ModuleCache.noindex/_Builtin_float-47F5QPR1EUDK7RKDHYJEB46UH.pcm

SwiftExplicitDependencyGeneratePcm arm64 /Users/flatherskevin/codebase/modern-rpn/.derived-data/screenshots/ModuleCache.noindex/DeveloperToolsSupport-1UZ0O3L8DJ8KOGW2NP50SQZ8U.pcm

SwiftExplicitDependencyGeneratePcm arm64 /Users/flatherskevin/codebase/modern-rpn/.derived-data/screenshots/ModuleCache.noindex/_Builtin_stdarg-E4QY9S9PT54CLMFJH3HG3E0T9.pcm

SwiftExplicitDependencyGeneratePcm arm64 /Users/flatherskevin/codebase/modern-rpn/.derived-data/screenshots/ModuleCache.noindex/ptrcheck-57OZW2WHJPA58HSUZGZT38WDN.pcm

SwiftExplicitDependencyGeneratePcm arm64 /Users/flatherskevin/codebase/modern-rpn/.derived-data/screenshots/ModuleCache.noindex/_AvailabilityInternal-D8YNXHFUO6S4NYRETFLH5GPHS.pcm

SwiftExplicitDependencyGeneratePcm arm64 /Users/flatherskevin/codebase/modern-rpn/.derived-data/screenshots/ModuleCache.noindex/_SwiftConcurrencyShims-9GCGJE5KBDIW05W4TLZQUFM46.pcm

SwiftExplicitDependencyGeneratePcm arm64 /Users/flatherskevin/codebase/modern-rpn/.derived-data/screenshots/ModuleCache.noindex/_DarwinFoundation1-7BZESN6YL8GIJ9IPLKVNE597T.pcm

SwiftExplicitDependencyGeneratePcm arm64 /Users/flatherskevin/codebase/modern-rpn/.derived-data/screenshots/ModuleCache.noindex/_Builtin_limits-CNS5R1XI3OMS1UUAG3AZVH8P1.pcm

SwiftExplicitDependencyGeneratePcm arm64 /Users/flatherskevin/codebase/modern-rpn/.derived-data/screenshots/ModuleCache.noindex/_DarwinFoundation2-AWZY75ZK2DIZ2IATIRUF6ME1S.pcm

SwiftExplicitDependencyGeneratePcm arm64 /Users/flatherskevin/codebase/modern-rpn/.derived-data/screenshots/ModuleCache.noindex/sys_types-88YWZQV4SDJMZYMAEZ3B4TYZK.pcm

SwiftExplicitDependencyGeneratePcm arm64 /Users/flatherskevin/codebase/modern-rpn/.derived-data/screenshots/ModuleCache.noindex/_Builtin_stdint-464BJ0WW5VJ0EAK4NKLLS5LTZ.pcm

SwiftExplicitDependencyGeneratePcm arm64 /Users/flatherskevin/codebase/modern-rpn/.derived-data/screenshots/ModuleCache.noindex/_Builtin_tgmath-6D49UPKYM65NL7ZBUHV4YTUQG.pcm

SwiftExplicitDependencyGeneratePcm arm64 /Users/flatherskevin/codebase/modern-rpn/.derived-data/screenshots/ModuleCache.noindex/_Builtin_stdatomic-38JRZS2AP3BUUOOMDRP1F1TQI.pcm

SwiftExplicitDependencyGeneratePcm arm64 /Users/flatherskevin/codebase/modern-rpn/.derived-data/screenshots/ModuleCache.noindex/_Builtin_intrinsics-EWPNE16YO29OAGURWRTG08UOG.pcm

SwiftExplicitDependencyGeneratePcm arm64 /Users/flatherskevin/codebase/modern-rpn/.derived-data/screenshots/ModuleCache.noindex/_DarwinFoundation3-32RT2JM7TCU2SQ4BUYLCFLFA8.pcm

SwiftExplicitDependencyGeneratePcm arm64 /Users/flatherskevin/codebase/modern-rpn/.derived-data/screenshots/ModuleCache.noindex/_Builtin_inttypes-EETZLO8K9MVP7YPDBF446NEMY.pcm

SwiftExplicitDependencyGeneratePcm arm64 /Users/flatherskevin/codebase/modern-rpn/.derived-data/screenshots/ModuleCache.noindex/Darwin-37V90SOIFVRUS943F9LQL7P2H.pcm

SwiftExplicitDependencyGeneratePcm arm64 /Users/flatherskevin/codebase/modern-rpn/.derived-data/screenshots/ModuleCache.noindex/simd-1WRLZO7DUK3XPTKK4CI87A12Q.pcm

SwiftExplicitDependencyGeneratePcm arm64 /Users/flatherskevin/codebase/modern-rpn/.derived-data/screenshots/ModuleCache.noindex/MachO-ES6EP4W5LU2L3O2BEW9YA39P3.pcm

SwiftExplicitDependencyGeneratePcm arm64 /Users/flatherskevin/codebase/modern-rpn/.derived-data/screenshots/ModuleCache.noindex/ObjectiveC-E4JLKLHBCW16MKFRQT21B7UON.pcm

SwiftExplicitDependencyGeneratePcm arm64 /Users/flatherskevin/codebase/modern-rpn/.derived-data/screenshots/ModuleCache.noindex/os_object-5IZO4NXEUXNIUOW7TLVIE6FEN.pcm

SwiftExplicitDependencyGeneratePcm arm64 /Users/flatherskevin/codebase/modern-rpn/.derived-data/screenshots/ModuleCache.noindex/os_workgroup-5PZWQ38ATO9UINJQJ6LDHZUBP.pcm

SwiftExplicitDependencyGeneratePcm arm64 /Users/flatherskevin/codebase/modern-rpn/.derived-data/screenshots/ModuleCache.noindex/Dispatch-B1ZPGVLKAWE3D1F764JJRZ2J7.pcm

SwiftExplicitDependencyGeneratePcm arm64 /Users/flatherskevin/codebase/modern-rpn/.derived-data/screenshots/ModuleCache.noindex/Spatial-2IOTNZUZIMQVV81RZSDM972CA.pcm

SwiftExplicitDependencyGeneratePcm arm64 /Users/flatherskevin/codebase/modern-rpn/.derived-data/screenshots/ModuleCache.noindex/XPC-351V3UWTS215KR4DD482T1WPL.pcm

SwiftExplicitDependencyGeneratePcm arm64 /Users/flatherskevin/codebase/modern-rpn/.derived-data/screenshots/ModuleCache.noindex/CoreFoundation-5PBG4P5XIS0UYD533MPLJUWN0.pcm

SwiftExplicitDependencyGeneratePcm arm64 /Users/flatherskevin/codebase/modern-rpn/.derived-data/screenshots/ModuleCache.noindex/os-929G6ESG4XSW95AKES6JWHO0K.pcm

SwiftExplicitDependencyGeneratePcm arm64 /Users/flatherskevin/codebase/modern-rpn/.derived-data/screenshots/ModuleCache.noindex/CFNetwork-HKU8PONKT6RREWIH5SGWRMAT.pcm

SwiftExplicitDependencyGeneratePcm arm64 /Users/flatherskevin/codebase/modern-rpn/.derived-data/screenshots/ModuleCache.noindex/CoreGraphics-EE73U00UQAE3I86ZXHH452B3M.pcm

SwiftExplicitDependencyGeneratePcm arm64 /Users/flatherskevin/codebase/modern-rpn/.derived-data/screenshots/ModuleCache.noindex/Security-N97AFARRE69ZARJPFBIV3UT.pcm

SwiftExplicitDependencyGeneratePcm arm64 /Users/flatherskevin/codebase/modern-rpn/.derived-data/screenshots/ModuleCache.noindex/Foundation-4S4ZPOTC20BHET472P58YN5H0.pcm

SwiftExplicitDependencyGeneratePcm arm64 /Users/flatherskevin/codebase/modern-rpn/.derived-data/screenshots/ModuleCache.noindex/CoreText-AOTBOJKP767OQYUHQEIZEPRD2.pcm

SwiftExplicitDependencyGeneratePcm arm64 /Users/flatherskevin/codebase/modern-rpn/.derived-data/screenshots/ModuleCache.noindex/ImageIO-38JERP4S06MFBMO6G5G2NIV7Y.pcm

SwiftExplicitDependencyGeneratePcm arm64 /Users/flatherskevin/codebase/modern-rpn/.derived-data/screenshots/ModuleCache.noindex/UserNotifications-E7NSYLOVJPGXY59WSX5L4Z76H.pcm

SwiftExplicitDependencyGeneratePcm arm64 /Users/flatherskevin/codebase/modern-rpn/.derived-data/screenshots/ModuleCache.noindex/Accessibility-DW3Y9ERMQH7EGMJMWO5M84DX3.pcm

SwiftExplicitDependencyGeneratePcm arm64 /Users/flatherskevin/codebase/modern-rpn/.derived-data/screenshots/ModuleCache.noindex/OpenGLES-A0T7UNSGTSA1XWRMWPRV5T5JL.pcm

SwiftExplicitDependencyGeneratePcm arm64 /Users/flatherskevin/codebase/modern-rpn/.derived-data/screenshots/ModuleCache.noindex/CoreData-2WSWKNAA23XLQE8XXUBWGKFA1.pcm

SwiftExplicitDependencyGeneratePcm arm64 /Users/flatherskevin/codebase/modern-rpn/.derived-data/screenshots/ModuleCache.noindex/UIUtilities-4GABE93BNLM661VQSYSOV519F.pcm

SwiftExplicitDependencyGeneratePcm arm64 /Users/flatherskevin/codebase/modern-rpn/.derived-data/screenshots/ModuleCache.noindex/CoreTransferable-32WPPU0J0AXARRME38VGFCLFY.pcm

SwiftExplicitDependencyGeneratePcm arm64 /Users/flatherskevin/codebase/modern-rpn/.derived-data/screenshots/ModuleCache.noindex/UniformTypeIdentifiers-9RPXHJR0DXJDKKSKXDUBI0EBS.pcm

SwiftExplicitDependencyGeneratePcm arm64 /Users/flatherskevin/codebase/modern-rpn/.derived-data/screenshots/ModuleCache.noindex/DataDetection-DT2QF0ZFNRFUMTZQ6DON2WRB9.pcm

SwiftExplicitDependencyGeneratePcm arm64 /Users/flatherskevin/codebase/modern-rpn/.derived-data/screenshots/ModuleCache.noindex/IOSurface-2CSFOKBCY0RR4HPZUUM55KR0J.pcm

SwiftExplicitDependencyGeneratePcm arm64 /Users/flatherskevin/codebase/modern-rpn/.derived-data/screenshots/ModuleCache.noindex/OSLog-3L7DMH4QZI65SLGMOLPE2N1DJ.pcm

SwiftExplicitDependencyGeneratePcm arm64 /Users/flatherskevin/codebase/modern-rpn/.derived-data/screenshots/ModuleCache.noindex/Symbols-2AX3BFDI2RZN6U1YTA3EUGK77.pcm

SwiftExplicitDependencyGeneratePcm arm64 /Users/flatherskevin/codebase/modern-rpn/.derived-data/screenshots/ModuleCache.noindex/FileProvider-7U8VMD7860JDDJQM6TDYULNWC.pcm

SwiftExplicitDependencyGeneratePcm arm64 /Users/flatherskevin/codebase/modern-rpn/.derived-data/screenshots/ModuleCache.noindex/Metal-4QNQMJ6683MZZZ732DZ1RGEN1.pcm

SwiftExplicitDependencyGeneratePcm arm64 /Users/flatherskevin/codebase/modern-rpn/.derived-data/screenshots/ModuleCache.noindex/CoreVideo-6KUUIIMV1Z91KB94EUH2NS7E3.pcm

SwiftExplicitDependencyGeneratePcm arm64 /Users/flatherskevin/codebase/modern-rpn/.derived-data/screenshots/ModuleCache.noindex/QuartzCore-5O3F8DIMK3XFBKE3NJXNKXOV.pcm

SwiftExplicitDependencyGeneratePcm arm64 /Users/flatherskevin/codebase/modern-rpn/.derived-data/screenshots/ModuleCache.noindex/CoreImage-5U402DHWAWU384N927XB0D4CI.pcm

SwiftExplicitDependencyGeneratePcm arm64 /Users/flatherskevin/codebase/modern-rpn/.derived-data/screenshots/ModuleCache.noindex/SwiftUICore-1Q7RNUCK982FYY576QG56CXB5.pcm

SwiftExplicitDependencyGeneratePcm arm64 /Users/flatherskevin/codebase/modern-rpn/.derived-data/screenshots/ModuleCache.noindex/UIKit-25QQY5HCEWUQUH1UVFCNHQZC3.pcm

SwiftExplicitDependencyGeneratePcm arm64 /Users/flatherskevin/codebase/modern-rpn/.derived-data/screenshots/ModuleCache.noindex/SwiftUI-9YO5L60R406W88KDZ3UBF2X3Y.pcm

SwiftCompile normal arm64 Compiling\ Modern_RPNApp.swift /Users/flatherskevin/codebase/modern-rpn/Modern\ RPN/Modern_RPNApp.swift (in target 'Modern RPN' from project 'Modern RPN')
SwiftCompile normal arm64 /Users/flatherskevin/codebase/modern-rpn/Modern\ RPN/Modern_RPNApp.swift (in target 'Modern RPN' from project 'Modern RPN')
    cd /Users/flatherskevin/codebase/modern-rpn
    

SwiftCompile normal arm64 Compiling\ CalculatorMode.swift,\ CalculatorViewModel.swift /Users/flatherskevin/codebase/modern-rpn/Modern\ RPN/CalculatorMode.swift /Users/flatherskevin/codebase/modern-rpn/Modern\ RPN/CalculatorViewModel.swift (in target 'Modern RPN' from project 'Modern RPN')

SwiftCompile normal arm64 /Users/flatherskevin/codebase/modern-rpn/Modern\ RPN/CalculatorMode.swift (in target 'Modern RPN' from project 'Modern RPN')
    cd /Users/flatherskevin/codebase/modern-rpn
    

SwiftCompile normal arm64 /Users/flatherskevin/codebase/modern-rpn/Modern\ RPN/CalculatorViewModel.swift (in target 'Modern RPN' from project 'Modern RPN')
    cd /Users/flatherskevin/codebase/modern-rpn
    

SwiftCompile normal arm64 Compiling\ ContentView.swift,\ HistoryStore.swift /Users/flatherskevin/codebase/modern-rpn/Modern\ RPN/ContentView.swift /Users/flatherskevin/codebase/modern-rpn/Modern\ RPN/HistoryStore.swift (in target 'Modern RPN' from project 'Modern RPN')
SwiftCompile normal arm64 /Users/flatherskevin/codebase/modern-rpn/Modern\ RPN/ContentView.swift (in target 'Modern RPN' from project 'Modern RPN')
    cd /Users/flatherskevin/codebase/modern-rpn
    

SwiftCompile normal arm64 /Users/flatherskevin/codebase/modern-rpn/Modern\ RPN/HistoryStore.swift (in target 'Modern RPN' from project 'Modern RPN')
    cd /Users/flatherskevin/codebase/modern-rpn
    

SwiftEmitModule normal arm64 Emitting\ module\ for\ Modern_RPN (in target 'Modern RPN' from project 'Modern RPN')

EmitSwiftModule normal arm64 (in target 'Modern RPN' from project 'Modern RPN')
    cd /Users/flatherskevin/codebase/modern-rpn
    

SwiftCompile normal arm64 Compiling\ RPNCalculator.swift /Users/flatherskevin/codebase/modern-rpn/Modern\ RPN/RPNCalculator.swift (in target 'Modern RPN' from project 'Modern RPN')

SwiftCompile normal arm64 /Users/flatherskevin/codebase/modern-rpn/Modern\ RPN/RPNCalculator.swift (in target 'Modern RPN' from project 'Modern RPN')
    cd /Users/flatherskevin/codebase/modern-rpn
    

SwiftCompile normal arm64 Compiling\ OrientationCoordinator.swift /Users/flatherskevin/codebase/modern-rpn/Modern\ RPN/OrientationCoordinator.swift (in target 'Modern RPN' from project 'Modern RPN')

SwiftCompile normal arm64 /Users/flatherskevin/codebase/modern-rpn/Modern\ RPN/OrientationCoordinator.swift (in target 'Modern RPN' from project 'Modern RPN')
    cd /Users/flatherskevin/codebase/modern-rpn
    

SwiftCompile normal arm64 Compiling\ GeneratedAssetSymbols.swift /Users/flatherskevin/codebase/modern-rpn/.derived-data/screenshots/Build/Intermediates.noindex/Modern\ RPN.build/Debug-iphonesimulator/Modern\ RPN.build/DerivedSources/GeneratedAssetSymbols.swift (in target 'Modern RPN' from project 'Modern RPN')

SwiftCompile normal arm64 /Users/flatherskevin/codebase/modern-rpn/.derived-data/screenshots/Build/Intermediates.noindex/Modern\ RPN.build/Debug-iphonesimulator/Modern\ RPN.build/DerivedSources/GeneratedAssetSymbols.swift (in target 'Modern RPN' from project 'Modern RPN')
    cd /Users/flatherskevin/codebase/modern-rpn
    

SwiftCompile normal arm64 Compiling\ OrientationLockedRootView.swift /Users/flatherskevin/codebase/modern-rpn/Modern\ RPN/OrientationLockedRootView.swift (in target 'Modern RPN' from project 'Modern RPN')

SwiftCompile normal arm64 /Users/flatherskevin/codebase/modern-rpn/Modern\ RPN/OrientationLockedRootView.swift (in target 'Modern RPN' from project 'Modern RPN')
    cd /Users/flatherskevin/codebase/modern-rpn
    

LinkAssetCatalog /Users/flatherskevin/codebase/modern-rpn/Modern\ RPN/Assets.xcassets (in target 'Modern RPN' from project 'Modern RPN')
    cd /Users/flatherskevin/codebase/modern-rpn
    builtin-linkAssetCatalog --thinned /Users/flatherskevin/codebase/modern-rpn/.derived-data/screenshots/Build/Intermediates.noindex/Modern\ RPN.build/Debug-iphonesimulator/Modern\ RPN.build/assetcatalog_output/thinned --thinned-dependencies /Users/flatherskevin/codebase/modern-rpn/.derived-data/screenshots/Build/Intermediates.noindex/Modern\ RPN.build/Debug-iphonesimulator/Modern\ RPN.build/assetcatalog_dependencies_thinned --thinned-info-plist-content /Users/flatherskevin/codebase/modern-rpn/.derived-data/screenshots/Build/Intermediates.noindex/Modern\ RPN.build/Debug-iphonesimulator/Modern\ RPN.build/assetcatalog_generated_info.plist_thinned --unthinned /Users/flatherskevin/codebase/modern-rpn/.derived-data/screenshots/Build/Intermediates.noindex/Modern\ RPN.build/Debug-iphonesimulator/Modern\ RPN.build/assetcatalog_output/unthinned --unthinned-dependencies /Users/flatherskevin/codebase/modern-rpn/.derived-data/screenshots/Build/Intermediates.noindex/Modern\ RPN.build/Debug-iphonesimulator/Modern\ RPN.build/assetcatalog_dependencies_unthinned --unthinned-info-plist-content /Users/flatherskevin/codebase/modern-rpn/.derived-data/screenshots/Build/Intermediates.noindex/Modern\ RPN.build/Debug-iphonesimulator/Modern\ RPN.build/assetcatalog_generated_info.plist_unthinned --output /Users/flatherskevin/codebase/modern-rpn/.derived-data/screenshots/Build/Products/Debug-iphonesimulator/Modern\ RPN.app --plist-output /Users/flatherskevin/codebase/modern-rpn/.derived-data/screenshots/Build/Intermediates.noindex/Modern\ RPN.build/Debug-iphonesimulator/Modern\ RPN.build/assetcatalog_generated_info.plist
note: Emplaced /Users/flatherskevin/codebase/modern-rpn/.derived-data/screenshots/Build/Products/Debug-iphonesimulator/Modern RPN.app/AppIcon76x76@2x~ipad.png (in target 'Modern RPN' from project 'Modern RPN')
note: Emplaced /Users/flatherskevin/codebase/modern-rpn/.derived-data/screenshots/Build/Products/Debug-iphonesimulator/Modern RPN.app/AppIcon60x60@2x.png (in target 'Modern RPN' from project 'Modern RPN')
note: Emplaced /Users/flatherskevin/codebase/modern-rpn/.derived-data/screenshots/Build/Products/Debug-iphonesimulator/Modern RPN.app/Assets.car (in target 'Modern RPN' from project 'Modern RPN')

SwiftDriverJobDiscovery normal arm64 Emitting module for Modern_RPN (in target 'Modern RPN' from project 'Modern RPN')

SwiftDriver\ Compilation\ Requirements Modern\ RPN normal arm64 com.apple.xcode.tools.swift.compiler (in target 'Modern RPN' from project 'Modern RPN')
    cd /Users/flatherskevin/codebase/modern-rpn
    builtin-Swift-Compilation-Requirements -- /Applications/Xcode.app/Contents/Developer/Toolchains/XcodeDefault.xctoolchain/usr/bin/swiftc -module-name Modern_RPN -Onone -enforce-exclusivity\=checked @/Users/flatherskevin/codebase/modern-rpn/.derived-data/screenshots/Build/Intermediates.noindex/Modern\ RPN.build/Debug-iphonesimulator/Modern\ RPN.build/Objects-normal/arm64/Modern\ RPN.SwiftFileList -DDEBUG -default-isolation\=MainActor -enable-bare-slash-regex -enable-upcoming-feature DisableOutwardActorInference -enable-upcoming-feature InferSendableFromCaptures -enable-upcoming-feature GlobalActorIsolatedTypesUsability -enable-upcoming-feature MemberImportVisibility -enable-upcoming-feature InferIsolatedConformances -enable-upcoming-feature NonisolatedNonsendingByDefault -enable-experimental-feature DebugDescriptionMacro -sdk /Applications/Xcode.app/Contents/Developer/Platforms/iPhoneSimulator.platform/Developer/SDKs/iPhoneSimulator26.2.sdk -target arm64-apple-ios26.2-simulator -g -module-cache-path /Users/flatherskevin/codebase/modern-rpn/.derived-data/screenshots/ModuleCache.noindex -Xfrontend -serialize-debugging-options -profile-coverage-mapping -profile-generate -enable-testing -index-store-path /Users/flatherskevin/codebase/modern-rpn/.derived-data/screenshots/Index.noindex/DataStore -Xcc -D_LIBCPP_HARDENING_MODE\=_LIBCPP_HARDENING_MODE_DEBUG -swift-version 5 -I /Users/flatherskevin/codebase/modern-rpn/.derived-data/screenshots/Build/Products/Debug-iphonesimulator -F /Users/flatherskevin/codebase/modern-rpn/.derived-data/screenshots/Build/Products/Debug-iphonesimulator -emit-localized-strings -emit-localized-strings-path /Users/flatherskevin/codebase/modern-rpn/.derived-data/screenshots/Build/Intermediates.noindex/Modern\ RPN.build/Debug-iphonesimulator/Modern\ RPN.build/Objects-normal/arm64 -c -j8 -enable-batch-mode -incremental -Xcc -ivfsstatcache -Xcc /Users/flatherskevin/codebase/modern-rpn/.derived-data/screenshots/SDKStatCaches.noindex/iphonesimulator26.2-23C57-7d00a8b37fbd7999ea79df8ebc024bf0.sdkstatcache -output-file-map /Users/flatherskevin/codebase/modern-rpn/.derived-data/screenshots/Build/Intermediates.noindex/Modern\ RPN.build/Debug-iphonesimulator/Modern\ RPN.build/Objects-normal/arm64/Modern\ RPN-OutputFileMap.json -use-frontend-parseable-output -save-temps -no-color-diagnostics -explicit-module-build -module-cache-path /Users/flatherskevin/codebase/modern-rpn/.derived-data/screenshots/Build/Intermediates.noindex/SwiftExplicitPrecompiledModules -clang-scanner-module-cache-path /Users/flatherskevin/codebase/modern-rpn/.derived-data/screenshots/ModuleCache.noindex -sdk-module-cache-path /Users/flatherskevin/codebase/modern-rpn/.derived-data/screenshots/ModuleCache.noindex -serialize-diagnostics -emit-dependencies -emit-module -emit-module-path /Users/flatherskevin/codebase/modern-rpn/.derived-data/screenshots/Build/Intermediates.noindex/Modern\ RPN.build/Debug-iphonesimulator/Modern\ RPN.build/Objects-normal/arm64/Modern_RPN.swiftmodule -validate-clang-modules-once -clang-build-session-file /Users/flatherskevin/codebase/modern-rpn/.derived-data/screenshots/ModuleCache.noindex/Session.modulevalidation -Xcc -I/Users/flatherskevin/codebase/modern-rpn/.derived-data/screenshots/Build/Intermediates.noindex/Modern\ RPN.build/Debug-iphonesimulator/Modern\ RPN.build/swift-overrides.hmap -emit-const-values -Xfrontend -const-gather-protocols-file -Xfrontend /Users/flatherskevin/codebase/modern-rpn/.derived-data/screenshots/Build/Intermediates.noindex/Modern\ RPN.build/Debug-iphonesimulator/Modern\ RPN.build/Objects-normal/arm64/Modern\ RPN_const_extract_protocols.json -Xcc -iquote -Xcc /Users/flatherskevin/codebase/modern-rpn/.derived-data/screenshots/Build/Intermediates.noindex/Modern\ RPN.build/Debug-iphonesimulator/Modern\ RPN.build/Modern\ RPN-generated-files.hmap -Xcc -I/Users/flatherskevin/codebase/modern-rpn/.derived-data/screenshots/Build/Intermediates.noindex/Modern\ RPN.build/Debug-iphonesimulator/Modern\ RPN.build/Modern\ RPN-own-target-headers.hmap -Xcc -I/Users/flatherskevin/codebase/modern-rpn/.derived-data/screenshots/Build/Intermediates.noindex/Modern\ RPN.build/Debug-iphonesimulator/Modern\ RPN.build/Modern\ RPN-all-target-headers.hmap -Xcc -iquote -Xcc /Users/flatherskevin/codebase/modern-rpn/.derived-data/screenshots/Build/Intermediates.noindex/Modern\ RPN.build/Debug-iphonesimulator/Modern\ RPN.build/Modern\ RPN-project-headers.hmap -Xcc -I/Users/flatherskevin/codebase/modern-rpn/.derived-data/screenshots/Build/Products/Debug-iphonesimulator/include -Xcc -I/Users/flatherskevin/codebase/modern-rpn/.derived-data/screenshots/Build/Intermediates.noindex/Modern\ RPN.build/Debug-iphonesimulator/Modern\ RPN.build/DerivedSources-normal/arm64 -Xcc -I/Users/flatherskevin/codebase/modern-rpn/.derived-data/screenshots/Build/Intermediates.noindex/Modern\ RPN.build/Debug-iphonesimulator/Modern\ RPN.build/DerivedSources/arm64 -Xcc -I/Users/flatherskevin/codebase/modern-rpn/.derived-data/screenshots/Build/Intermediates.noindex/Modern\ RPN.build/Debug-iphonesimulator/Modern\ RPN.build/DerivedSources -Xcc -DDEBUG\=1 -emit-objc-header -emit-objc-header-path /Users/flatherskevin/codebase/modern-rpn/.derived-data/screenshots/Build/Intermediates.noindex/Modern\ RPN.build/Debug-iphonesimulator/Modern\ RPN.build/Objects-normal/arm64/Modern_RPN-Swift.h -working-directory /Users/flatherskevin/codebase/modern-rpn -experimental-emit-module-separately -disable-cmo

ProcessInfoPlistFile /Users/flatherskevin/codebase/modern-rpn/.derived-data/screenshots/Build/Products/Debug-iphonesimulator/Modern\ RPN.app/Info.plist /Users/flatherskevin/codebase/modern-rpn/.derived-data/screenshots/Build/Intermediates.noindex/Modern\ RPN.build/Debug-iphonesimulator/Modern\ RPN.build/empty-Modern\ RPN.plist (in target 'Modern RPN' from project 'Modern RPN')
    cd /Users/flatherskevin/codebase/modern-rpn
    builtin-infoPlistUtility /Users/flatherskevin/codebase/modern-rpn/.derived-data/screenshots/Build/Intermediates.noindex/Modern\ RPN.build/Debug-iphonesimulator/Modern\ RPN.build/empty-Modern\ RPN.plist -producttype com.apple.product-type.application -genpkginfo /Users/flatherskevin/codebase/modern-rpn/.derived-data/screenshots/Build/Products/Debug-iphonesimulator/Modern\ RPN.app/PkgInfo -expandbuildsettings -format binary -platform iphonesimulator -additionalcontentfile /Users/flatherskevin/codebase/modern-rpn/.derived-data/screenshots/Build/Intermediates.noindex/Modern\ RPN.build/Debug-iphonesimulator/Modern\ RPN.build/assetcatalog_generated_info.plist -o /Users/flatherskevin/codebase/modern-rpn/.derived-data/screenshots/Build/Products/Debug-iphonesimulator/Modern\ RPN.app/Info.plist

SwiftMergeGeneratedHeaders /Users/flatherskevin/codebase/modern-rpn/.derived-data/screenshots/Build/Intermediates.noindex/Modern\ RPN.build/Debug-iphonesimulator/Modern\ RPN.build/DerivedSources/Modern_RPN-Swift.h /Users/flatherskevin/codebase/modern-rpn/.derived-data/screenshots/Build/Intermediates.noindex/Modern\ RPN.build/Debug-iphonesimulator/Modern\ RPN.build/Objects-normal/arm64/Modern_RPN-Swift.h (in target 'Modern RPN' from project 'Modern RPN')
    cd /Users/flatherskevin/codebase/modern-rpn
    builtin-swiftHeaderTool -arch arm64 /Users/flatherskevin/codebase/modern-rpn/.derived-data/screenshots/Build/Intermediates.noindex/Modern\ RPN.build/Debug-iphonesimulator/Modern\ RPN.build/Objects-normal/arm64/Modern_RPN-Swift.h -o /Users/flatherskevin/codebase/modern-rpn/.derived-data/screenshots/Build/Intermediates.noindex/Modern\ RPN.build/Debug-iphonesimulator/Modern\ RPN.build/DerivedSources/Modern_RPN-Swift.h

Copy /Users/flatherskevin/codebase/modern-rpn/.derived-data/screenshots/Build/Products/Debug-iphonesimulator/Modern_RPN.swiftmodule/arm64-apple-ios-simulator.swiftmodule /Users/flatherskevin/codebase/modern-rpn/.derived-data/screenshots/Build/Intermediates.noindex/Modern\ RPN.build/Debug-iphonesimulator/Modern\ RPN.build/Objects-normal/arm64/Modern_RPN.swiftmodule (in target 'Modern RPN' from project 'Modern RPN')
    cd /Users/flatherskevin/codebase/modern-rpn
    builtin-copy -exclude .DS_Store -exclude CVS -exclude .svn -exclude .git -exclude .hg -resolve-src-symlinks -rename /Users/flatherskevin/codebase/modern-rpn/.derived-data/screenshots/Build/Intermediates.noindex/Modern\ RPN.build/Debug-iphonesimulator/Modern\ RPN.build/Objects-normal/arm64/Modern_RPN.swiftmodule /Users/flatherskevin/codebase/modern-rpn/.derived-data/screenshots/Build/Products/Debug-iphonesimulator/Modern_RPN.swiftmodule/arm64-apple-ios-simulator.swiftmodule

Copy /Users/flatherskevin/codebase/modern-rpn/.derived-data/screenshots/Build/Products/Debug-iphonesimulator/Modern_RPN.swiftmodule/arm64-apple-ios-simulator.swiftdoc /Users/flatherskevin/codebase/modern-rpn/.derived-data/screenshots/Build/Intermediates.noindex/Modern\ RPN.build/Debug-iphonesimulator/Modern\ RPN.build/Objects-normal/arm64/Modern_RPN.swiftdoc (in target 'Modern RPN' from project 'Modern RPN')
    cd /Users/flatherskevin/codebase/modern-rpn
    builtin-copy -exclude .DS_Store -exclude CVS -exclude .svn -exclude .git -exclude .hg -resolve-src-symlinks -rename /Users/flatherskevin/codebase/modern-rpn/.derived-data/screenshots/Build/Intermediates.noindex/Modern\ RPN.build/Debug-iphonesimulator/Modern\ RPN.build/Objects-normal/arm64/Modern_RPN.swiftdoc /Users/flatherskevin/codebase/modern-rpn/.derived-data/screenshots/Build/Products/Debug-iphonesimulator/Modern_RPN.swiftmodule/arm64-apple-ios-simulator.swiftdoc

Copy /Users/flatherskevin/codebase/modern-rpn/.derived-data/screenshots/Build/Products/Debug-iphonesimulator/Modern_RPN.swiftmodule/arm64-apple-ios-simulator.abi.json /Users/flatherskevin/codebase/modern-rpn/.derived-data/screenshots/Build/Intermediates.noindex/Modern\ RPN.build/Debug-iphonesimulator/Modern\ RPN.build/Objects-normal/arm64/Modern_RPN.abi.json (in target 'Modern RPN' from project 'Modern RPN')
    cd /Users/flatherskevin/codebase/modern-rpn
    builtin-copy -exclude .DS_Store -exclude CVS -exclude .svn -exclude .git -exclude .hg -resolve-src-symlinks -rename /Users/flatherskevin/codebase/modern-rpn/.derived-data/screenshots/Build/Intermediates.noindex/Modern\ RPN.build/Debug-iphonesimulator/Modern\ RPN.build/Objects-normal/arm64/Modern_RPN.abi.json /Users/flatherskevin/codebase/modern-rpn/.derived-data/screenshots/Build/Products/Debug-iphonesimulator/Modern_RPN.swiftmodule/arm64-apple-ios-simulator.abi.json

Copy /Users/flatherskevin/codebase/modern-rpn/.derived-data/screenshots/Build/Products/Debug-iphonesimulator/Modern_RPN.swiftmodule/Project/arm64-apple-ios-simulator.swiftsourceinfo /Users/flatherskevin/codebase/modern-rpn/.derived-data/screenshots/Build/Intermediates.noindex/Modern\ RPN.build/Debug-iphonesimulator/Modern\ RPN.build/Objects-normal/arm64/Modern_RPN.swiftsourceinfo (in target 'Modern RPN' from project 'Modern RPN')
    cd /Users/flatherskevin/codebase/modern-rpn
    builtin-copy -exclude .DS_Store -exclude CVS -exclude .svn -exclude .git -exclude .hg -resolve-src-symlinks -rename /Users/flatherskevin/codebase/modern-rpn/.derived-data/screenshots/Build/Intermediates.noindex/Modern\ RPN.build/Debug-iphonesimulator/Modern\ RPN.build/Objects-normal/arm64/Modern_RPN.swiftsourceinfo /Users/flatherskevin/codebase/modern-rpn/.derived-data/screenshots/Build/Products/Debug-iphonesimulator/Modern_RPN.swiftmodule/Project/arm64-apple-ios-simulator.swiftsourceinfo

SwiftCompile normal arm64 Compiling\ AppSessionStore.swift,\ CalculatorLayoutMetrics.swift /Users/flatherskevin/codebase/modern-rpn/Modern\ RPN/AppSessionStore.swift /Users/flatherskevin/codebase/modern-rpn/Modern\ RPN/CalculatorLayoutMetrics.swift (in target 'Modern RPN' from project 'Modern RPN')

SwiftCompile normal arm64 /Users/flatherskevin/codebase/modern-rpn/Modern\ RPN/AppSessionStore.swift (in target 'Modern RPN' from project 'Modern RPN')
    cd /Users/flatherskevin/codebase/modern-rpn
    

SwiftCompile normal arm64 /Users/flatherskevin/codebase/modern-rpn/Modern\ RPN/CalculatorLayoutMetrics.swift (in target 'Modern RPN' from project 'Modern RPN')
    cd /Users/flatherskevin/codebase/modern-rpn
    

SwiftDriverJobDiscovery normal arm64 Compiling RPNCalculator.swift (in target 'Modern RPN' from project 'Modern RPN')

SwiftDriverJobDiscovery normal arm64 Compiling OrientationLockedRootView.swift (in target 'Modern RPN' from project 'Modern RPN')

SwiftDriverJobDiscovery normal arm64 Compiling CalculatorMode.swift, CalculatorViewModel.swift (in target 'Modern RPN' from project 'Modern RPN')

SwiftDriverJobDiscovery normal arm64 Compiling AppSessionStore.swift, CalculatorLayoutMetrics.swift (in target 'Modern RPN' from project 'Modern RPN')

SwiftDriverJobDiscovery normal arm64 Compiling OrientationCoordinator.swift (in target 'Modern RPN' from project 'Modern RPN')

SwiftDriverJobDiscovery normal arm64 Compiling Modern_RPNApp.swift (in target 'Modern RPN' from project 'Modern RPN')

SwiftDriverJobDiscovery normal arm64 Compiling GeneratedAssetSymbols.swift (in target 'Modern RPN' from project 'Modern RPN')

SwiftDriverJobDiscovery normal arm64 Compiling ContentView.swift, HistoryStore.swift (in target 'Modern RPN' from project 'Modern RPN')

SwiftDriver\ Compilation Modern\ RPN normal arm64 com.apple.xcode.tools.swift.compiler (in target 'Modern RPN' from project 'Modern RPN')
    cd /Users/flatherskevin/codebase/modern-rpn
    builtin-Swift-Compilation -- /Applications/Xcode.app/Contents/Developer/Toolchains/XcodeDefault.xctoolchain/usr/bin/swiftc -module-name Modern_RPN -Onone -enforce-exclusivity\=checked @/Users/flatherskevin/codebase/modern-rpn/.derived-data/screenshots/Build/Intermediates.noindex/Modern\ RPN.build/Debug-iphonesimulator/Modern\ RPN.build/Objects-normal/arm64/Modern\ RPN.SwiftFileList -DDEBUG -default-isolation\=MainActor -enable-bare-slash-regex -enable-upcoming-feature DisableOutwardActorInference -enable-upcoming-feature InferSendableFromCaptures -enable-upcoming-feature GlobalActorIsolatedTypesUsability -enable-upcoming-feature MemberImportVisibility -enable-upcoming-feature InferIsolatedConformances -enable-upcoming-feature NonisolatedNonsendingByDefault -enable-experimental-feature DebugDescriptionMacro -sdk /Applications/Xcode.app/Contents/Developer/Platforms/iPhoneSimulator.platform/Developer/SDKs/iPhoneSimulator26.2.sdk -target arm64-apple-ios26.2-simulator -g -module-cache-path /Users/flatherskevin/codebase/modern-rpn/.derived-data/screenshots/ModuleCache.noindex -Xfrontend -serialize-debugging-options -profile-coverage-mapping -profile-generate -enable-testing -index-store-path /Users/flatherskevin/codebase/modern-rpn/.derived-data/screenshots/Index.noindex/DataStore -Xcc -D_LIBCPP_HARDENING_MODE\=_LIBCPP_HARDENING_MODE_DEBUG -swift-version 5 -I /Users/flatherskevin/codebase/modern-rpn/.derived-data/screenshots/Build/Products/Debug-iphonesimulator -F /Users/flatherskevin/codebase/modern-rpn/.derived-data/screenshots/Build/Products/Debug-iphonesimulator -emit-localized-strings -emit-localized-strings-path /Users/flatherskevin/codebase/modern-rpn/.derived-data/screenshots/Build/Intermediates.noindex/Modern\ RPN.build/Debug-iphonesimulator/Modern\ RPN.build/Objects-normal/arm64 -c -j8 -enable-batch-mode -incremental -Xcc -ivfsstatcache -Xcc /Users/flatherskevin/codebase/modern-rpn/.derived-data/screenshots/SDKStatCaches.noindex/iphonesimulator26.2-23C57-7d00a8b37fbd7999ea79df8ebc024bf0.sdkstatcache -output-file-map /Users/flatherskevin/codebase/modern-rpn/.derived-data/screenshots/Build/Intermediates.noindex/Modern\ RPN.build/Debug-iphonesimulator/Modern\ RPN.build/Objects-normal/arm64/Modern\ RPN-OutputFileMap.json -use-frontend-parseable-output -save-temps -no-color-diagnostics -explicit-module-build -module-cache-path /Users/flatherskevin/codebase/modern-rpn/.derived-data/screenshots/Build/Intermediates.noindex/SwiftExplicitPrecompiledModules -clang-scanner-module-cache-path /Users/flatherskevin/codebase/modern-rpn/.derived-data/screenshots/ModuleCache.noindex -sdk-module-cache-path /Users/flatherskevin/codebase/modern-rpn/.derived-data/screenshots/ModuleCache.noindex -serialize-diagnostics -emit-dependencies -emit-module -emit-module-path /Users/flatherskevin/codebase/modern-rpn/.derived-data/screenshots/Build/Intermediates.noindex/Modern\ RPN.build/Debug-iphonesimulator/Modern\ RPN.build/Objects-normal/arm64/Modern_RPN.swiftmodule -validate-clang-modules-once -clang-build-session-file /Users/flatherskevin/codebase/modern-rpn/.derived-data/screenshots/ModuleCache.noindex/Session.modulevalidation -Xcc -I/Users/flatherskevin/codebase/modern-rpn/.derived-data/screenshots/Build/Intermediates.noindex/Modern\ RPN.build/Debug-iphonesimulator/Modern\ RPN.build/swift-overrides.hmap -emit-const-values -Xfrontend -const-gather-protocols-file -Xfrontend /Users/flatherskevin/codebase/modern-rpn/.derived-data/screenshots/Build/Intermediates.noindex/Modern\ RPN.build/Debug-iphonesimulator/Modern\ RPN.build/Objects-normal/arm64/Modern\ RPN_const_extract_protocols.json -Xcc -iquote -Xcc /Users/flatherskevin/codebase/modern-rpn/.derived-data/screenshots/Build/Intermediates.noindex/Modern\ RPN.build/Debug-iphonesimulator/Modern\ RPN.build/Modern\ RPN-generated-files.hmap -Xcc -I/Users/flatherskevin/codebase/modern-rpn/.derived-data/screenshots/Build/Intermediates.noindex/Modern\ RPN.build/Debug-iphonesimulator/Modern\ RPN.build/Modern\ RPN-own-target-headers.hmap -Xcc -I/Users/flatherskevin/codebase/modern-rpn/.derived-data/screenshots/Build/Intermediates.noindex/Modern\ RPN.build/Debug-iphonesimulator/Modern\ RPN.build/Modern\ RPN-all-target-headers.hmap -Xcc -iquote -Xcc /Users/flatherskevin/codebase/modern-rpn/.derived-data/screenshots/Build/Intermediates.noindex/Modern\ RPN.build/Debug-iphonesimulator/Modern\ RPN.build/Modern\ RPN-project-headers.hmap -Xcc -I/Users/flatherskevin/codebase/modern-rpn/.derived-data/screenshots/Build/Products/Debug-iphonesimulator/include -Xcc -I/Users/flatherskevin/codebase/modern-rpn/.derived-data/screenshots/Build/Intermediates.noindex/Modern\ RPN.build/Debug-iphonesimulator/Modern\ RPN.build/DerivedSources-normal/arm64 -Xcc -I/Users/flatherskevin/codebase/modern-rpn/.derived-data/screenshots/Build/Intermediates.noindex/Modern\ RPN.build/Debug-iphonesimulator/Modern\ RPN.build/DerivedSources/arm64 -Xcc -I/Users/flatherskevin/codebase/modern-rpn/.derived-data/screenshots/Build/Intermediates.noindex/Modern\ RPN.build/Debug-iphonesimulator/Modern\ RPN.build/DerivedSources -Xcc -DDEBUG\=1 -emit-objc-header -emit-objc-header-path /Users/flatherskevin/codebase/modern-rpn/.derived-data/screenshots/Build/Intermediates.noindex/Modern\ RPN.build/Debug-iphonesimulator/Modern\ RPN.build/Objects-normal/arm64/Modern_RPN-Swift.h -working-directory /Users/flatherskevin/codebase/modern-rpn -experimental-emit-module-separately -disable-cmo

Ld /Users/flatherskevin/codebase/modern-rpn/.derived-data/screenshots/Build/Products/Debug-iphonesimulator/Modern\ RPN.app/Modern\ RPN.debug.dylib normal (in target 'Modern RPN' from project 'Modern RPN')
    cd /Users/flatherskevin/codebase/modern-rpn
    /Applications/Xcode.app/Contents/Developer/Toolchains/XcodeDefault.xctoolchain/usr/bin/clang -Xlinker -reproducible -target arm64-apple-ios26.2-simulator -dynamiclib -isysroot /Applications/Xcode.app/Contents/Developer/Platforms/iPhoneSimulator.platform/Developer/SDKs/iPhoneSimulator26.2.sdk -O0 -L/Users/flatherskevin/codebase/modern-rpn/.derived-data/screenshots/Build/Intermediates.noindex/EagerLinkingTBDs/Debug-iphonesimulator -L/Users/flatherskevin/codebase/modern-rpn/.derived-data/screenshots/Build/Products/Debug-iphonesimulator -F/Users/flatherskevin/codebase/modern-rpn/.derived-data/screenshots/Build/Intermediates.noindex/EagerLinkingTBDs/Debug-iphonesimulator -F/Users/flatherskevin/codebase/modern-rpn/.derived-data/screenshots/Build/Products/Debug-iphonesimulator -filelist /Users/flatherskevin/codebase/modern-rpn/.derived-data/screenshots/Build/Intermediates.noindex/Modern\ RPN.build/Debug-iphonesimulator/Modern\ RPN.build/Objects-normal/arm64/Modern\ RPN.LinkFileList -install_name @rpath/Modern\ RPN.debug.dylib -Xlinker -rpath -Xlinker @executable_path/Frameworks -dead_strip -Xlinker -object_path_lto -Xlinker /Users/flatherskevin/codebase/modern-rpn/.derived-data/screenshots/Build/Intermediates.noindex/Modern\ RPN.build/Debug-iphonesimulator/Modern\ RPN.build/Objects-normal/arm64/Modern\ RPN_lto.o -rdynamic -Xlinker -no_deduplicate -Xlinker -objc_abi_version -Xlinker 2 -Xlinker -debug_variant -Xlinker -dependency_info -Xlinker /Users/flatherskevin/codebase/modern-rpn/.derived-data/screenshots/Build/Intermediates.noindex/Modern\ RPN.build/Debug-iphonesimulator/Modern\ RPN.build/Objects-normal/arm64/Modern\ RPN_dependency_info.dat -fobjc-link-runtime -fprofile-instr-generate -L/Applications/Xcode.app/Contents/Developer/Toolchains/XcodeDefault.xctoolchain/usr/lib/swift/iphonesimulator -L/usr/lib/swift -Xlinker -add_ast_path -Xlinker /Users/flatherskevin/codebase/modern-rpn/.derived-data/screenshots/Build/Intermediates.noindex/Modern\ RPN.build/Debug-iphonesimulator/Modern\ RPN.build/Objects-normal/arm64/Modern_RPN.swiftmodule @/Users/flatherskevin/codebase/modern-rpn/.derived-data/screenshots/Build/Intermediates.noindex/Modern\ RPN.build/Debug-iphonesimulator/Modern\ RPN.build/Objects-normal/arm64/Modern_RPN-linker-args.resp -Xlinker -alias -Xlinker _main -Xlinker ___debug_main_executable_dylib_entry_point -Xlinker -no_adhoc_codesign -o /Users/flatherskevin/codebase/modern-rpn/.derived-data/screenshots/Build/Products/Debug-iphonesimulator/Modern\ RPN.app/Modern\ RPN.debug.dylib

ConstructStubExecutorLinkFileList /Users/flatherskevin/codebase/modern-rpn/.derived-data/screenshots/Build/Intermediates.noindex/Modern\ RPN.build/Debug-iphonesimulator/Modern\ RPN.build/Modern\ RPN-ExecutorLinkFileList-normal-arm64.txt (in target 'Modern RPN' from project 'Modern RPN')
    cd /Users/flatherskevin/codebase/modern-rpn
    construct-stub-executor-link-file-list /Users/flatherskevin/codebase/modern-rpn/.derived-data/screenshots/Build/Products/Debug-iphonesimulator/Modern\ RPN.app/Modern\ RPN.debug.dylib /Applications/Xcode.app/Contents/Developer/Platforms/iPhoneSimulator.platform/Developer/usr/lib/libPreviewsJITStubExecutor_no_swift_entry_point.a /Applications/Xcode.app/Contents/Developer/Platforms/iPhoneSimulator.platform/Developer/usr/lib/libPreviewsJITStubExecutor.a --output /Users/flatherskevin/codebase/modern-rpn/.derived-data/screenshots/Build/Intermediates.noindex/Modern\ RPN.build/Debug-iphonesimulator/Modern\ RPN.build/Modern\ RPN-ExecutorLinkFileList-normal-arm64.txt
note: Using stub executor library with Swift entry point. (in target 'Modern RPN' from project 'Modern RPN')

Ld /Users/flatherskevin/codebase/modern-rpn/.derived-data/screenshots/Build/Products/Debug-iphonesimulator/Modern\ RPN.app/Modern\ RPN normal (in target 'Modern RPN' from project 'Modern RPN')
    cd /Users/flatherskevin/codebase/modern-rpn
    /Applications/Xcode.app/Contents/Developer/Toolchains/XcodeDefault.xctoolchain/usr/bin/clang -Xlinker -reproducible -target arm64-apple-ios26.2-simulator -isysroot /Applications/Xcode.app/Contents/Developer/Platforms/iPhoneSimulator.platform/Developer/SDKs/iPhoneSimulator26.2.sdk -O0 -L/Users/flatherskevin/codebase/modern-rpn/.derived-data/screenshots/Build/Products/Debug-iphonesimulator -F/Users/flatherskevin/codebase/modern-rpn/.derived-data/screenshots/Build/Products/Debug-iphonesimulator -Xlinker -rpath -Xlinker @executable_path -Xlinker -rpath -Xlinker @executable_path/Frameworks -rdynamic -Xlinker -no_deduplicate -Xlinker -objc_abi_version -Xlinker 2 -Xlinker -debug_variant -e ___debug_blank_executor_main -Xlinker -sectcreate -Xlinker __TEXT -Xlinker __debug_dylib -Xlinker /Users/flatherskevin/codebase/modern-rpn/.derived-data/screenshots/Build/Intermediates.noindex/Modern\ RPN.build/Debug-iphonesimulator/Modern\ RPN.build/Modern\ RPN-DebugDylibPath-normal-arm64.txt -Xlinker -sectcreate -Xlinker __TEXT -Xlinker __debug_instlnm -Xlinker /Users/flatherskevin/codebase/modern-rpn/.derived-data/screenshots/Build/Intermediates.noindex/Modern\ RPN.build/Debug-iphonesimulator/Modern\ RPN.build/Modern\ RPN-DebugDylibInstallName-normal-arm64.txt -Xlinker -filelist -Xlinker /Users/flatherskevin/codebase/modern-rpn/.derived-data/screenshots/Build/Intermediates.noindex/Modern\ RPN.build/Debug-iphonesimulator/Modern\ RPN.build/Modern\ RPN-ExecutorLinkFileList-normal-arm64.txt -Xlinker -sectcreate -Xlinker __TEXT -Xlinker __entitlements -Xlinker /Users/flatherskevin/codebase/modern-rpn/.derived-data/screenshots/Build/Intermediates.noindex/Modern\ RPN.build/Debug-iphonesimulator/Modern\ RPN.build/Modern\ RPN.app-Simulated.xcent -Xlinker -sectcreate -Xlinker __TEXT -Xlinker __ents_der -Xlinker /Users/flatherskevin/codebase/modern-rpn/.derived-data/screenshots/Build/Intermediates.noindex/Modern\ RPN.build/Debug-iphonesimulator/Modern\ RPN.build/Modern\ RPN.app-Simulated.xcent.der /Users/flatherskevin/codebase/modern-rpn/.derived-data/screenshots/Build/Products/Debug-iphonesimulator/Modern\ RPN.app/Modern\ RPN.debug.dylib -Xlinker -no_adhoc_codesign -o /Users/flatherskevin/codebase/modern-rpn/.derived-data/screenshots/Build/Products/Debug-iphonesimulator/Modern\ RPN.app/Modern\ RPN

CopySwiftLibs /Users/flatherskevin/codebase/modern-rpn/.derived-data/screenshots/Build/Products/Debug-iphonesimulator/Modern\ RPN.app (in target 'Modern RPN' from project 'Modern RPN')
    cd /Users/flatherskevin/codebase/modern-rpn
    builtin-swiftStdLibTool --copy --verbose --sign - --scan-executable /Users/flatherskevin/codebase/modern-rpn/.derived-data/screenshots/Build/Products/Debug-iphonesimulator/Modern\ RPN.app/Modern\ RPN.debug.dylib --scan-folder /Users/flatherskevin/codebase/modern-rpn/.derived-data/screenshots/Build/Products/Debug-iphonesimulator/Modern\ RPN.app/Frameworks --scan-folder /Users/flatherskevin/codebase/modern-rpn/.derived-data/screenshots/Build/Products/Debug-iphonesimulator/Modern\ RPN.app/PlugIns --scan-folder /Users/flatherskevin/codebase/modern-rpn/.derived-data/screenshots/Build/Products/Debug-iphonesimulator/Modern\ RPN.app/SystemExtensions --scan-folder /Users/flatherskevin/codebase/modern-rpn/.derived-data/screenshots/Build/Products/Debug-iphonesimulator/Modern\ RPN.app/Extensions --platform iphonesimulator --toolchain /Applications/Xcode.app/Contents/Developer/Toolchains/XcodeDefault.xctoolchain --destination /Users/flatherskevin/codebase/modern-rpn/.derived-data/screenshots/Build/Products/Debug-iphonesimulator/Modern\ RPN.app/Frameworks --strip-bitcode --strip-bitcode-tool /Applications/Xcode.app/Contents/Developer/Toolchains/XcodeDefault.xctoolchain/usr/bin/bitcode_strip --emit-dependency-info /Users/flatherskevin/codebase/modern-rpn/.derived-data/screenshots/Build/Intermediates.noindex/Modern\ RPN.build/Debug-iphonesimulator/Modern\ RPN.build/SwiftStdLibToolInputDependencies.dep --filter-for-swift-os

ExtractAppIntentsMetadata (in target 'Modern RPN' from project 'Modern RPN')
    cd /Users/flatherskevin/codebase/modern-rpn
    /Applications/Xcode.app/Contents/Developer/Toolchains/XcodeDefault.xctoolchain/usr/bin/appintentsmetadataprocessor --toolchain-dir /Applications/Xcode.app/Contents/Developer/Toolchains/XcodeDefault.xctoolchain --module-name Modern_RPN --sdk-root /Applications/Xcode.app/Contents/Developer/Platforms/iPhoneSimulator.platform/Developer/SDKs/iPhoneSimulator26.2.sdk --xcode-version 17C529 --platform-family iOS --deployment-target 26.2 --bundle-identifier comixmastertech.Modern-RPN --output /Users/flatherskevin/codebase/modern-rpn/.derived-data/screenshots/Build/Products/Debug-iphonesimulator/Modern\ RPN.app --target-triple arm64-apple-ios26.2-simulator --binary-file /Users/flatherskevin/codebase/modern-rpn/.derived-data/screenshots/Build/Products/Debug-iphonesimulator/Modern\ RPN.app/Modern\ RPN --dependency-file /Users/flatherskevin/codebase/modern-rpn/.derived-data/screenshots/Build/Intermediates.noindex/Modern\ RPN.build/Debug-iphonesimulator/Modern\ RPN.build/Objects-normal/arm64/Modern\ RPN_dependency_info.dat --stringsdata-file /Users/flatherskevin/codebase/modern-rpn/.derived-data/screenshots/Build/Intermediates.noindex/Modern\ RPN.build/Debug-iphonesimulator/Modern\ RPN.build/Objects-normal/arm64/ExtractedAppShortcutsMetadata.stringsdata --source-file-list /Users/flatherskevin/codebase/modern-rpn/.derived-data/screenshots/Build/Intermediates.noindex/Modern\ RPN.build/Debug-iphonesimulator/Modern\ RPN.build/Objects-normal/arm64/Modern\ RPN.SwiftFileList --metadata-file-list /Users/flatherskevin/codebase/modern-rpn/.derived-data/screenshots/Build/Intermediates.noindex/Modern\ RPN.build/Debug-iphonesimulator/Modern\ RPN.build/Modern\ RPN.DependencyMetadataFileList --static-metadata-file-list /Users/flatherskevin/codebase/modern-rpn/.derived-data/screenshots/Build/Intermediates.noindex/Modern\ RPN.build/Debug-iphonesimulator/Modern\ RPN.build/Modern\ RPN.DependencyStaticMetadataFileList --swift-const-vals-list /Users/flatherskevin/codebase/modern-rpn/.derived-data/screenshots/Build/Intermediates.noindex/Modern\ RPN.build/Debug-iphonesimulator/Modern\ RPN.build/Objects-normal/arm64/Modern\ RPN.SwiftConstValuesFileList --compile-time-extraction --deployment-aware-processing --validate-assistant-intents --no-app-shortcuts-localization
2026-05-26 06:15:45.718 appintentsmetadataprocessor[71258:27726798] Starting appintentsmetadataprocessor export
2026-05-26 06:15:45.719 appintentsmetadataprocessor[71258:27726798] warning: Metadata extraction skipped. No AppIntents.framework dependency found.

AppIntentsSSUTraining (in target 'Modern RPN' from project 'Modern RPN')
    cd /Users/flatherskevin/codebase/modern-rpn
    /Applications/Xcode.app/Contents/Developer/Toolchains/XcodeDefault.xctoolchain/usr/bin/appintentsnltrainingprocessor --infoplist-path /Users/flatherskevin/codebase/modern-rpn/.derived-data/screenshots/Build/Products/Debug-iphonesimulator/Modern\ RPN.app/Info.plist --temp-dir-path /Users/flatherskevin/codebase/modern-rpn/.derived-data/screenshots/Build/Intermediates.noindex/Modern\ RPN.build/Debug-iphonesimulator/Modern\ RPN.build/ssu --bundle-id comixmastertech.Modern-RPN --product-path /Users/flatherskevin/codebase/modern-rpn/.derived-data/screenshots/Build/Products/Debug-iphonesimulator/Modern\ RPN.app --extracted-metadata-path /Users/flatherskevin/codebase/modern-rpn/.derived-data/screenshots/Build/Products/Debug-iphonesimulator/Modern\ RPN.app/Metadata.appintents --metadata-file-list /Users/flatherskevin/codebase/modern-rpn/.derived-data/screenshots/Build/Intermediates.noindex/Modern\ RPN.build/Debug-iphonesimulator/Modern\ RPN.build/Modern\ RPN.DependencyMetadataFileList --archive-ssu-assets
2026-05-26 06:15:45.737 appintentsnltrainingprocessor[71259:27726807] Parsing options for appintentsnltrainingprocessor
2026-05-26 06:15:45.738 appintentsnltrainingprocessor[71259:27726807] No AppShortcuts found - Skipping.

CodeSign /Users/flatherskevin/codebase/modern-rpn/.derived-data/screenshots/Build/Products/Debug-iphonesimulator/Modern\ RPN.app/Modern\ RPN.debug.dylib (in target 'Modern RPN' from project 'Modern RPN')
    cd /Users/flatherskevin/codebase/modern-rpn
    
    Signing Identity:     "Sign to Run Locally"
    
    /usr/bin/codesign --force --sign - --timestamp\=none --generate-entitlement-der /Users/flatherskevin/codebase/modern-rpn/.derived-data/screenshots/Build/Products/Debug-iphonesimulator/Modern\ RPN.app/Modern\ RPN.debug.dylib

CodeSign /Users/flatherskevin/codebase/modern-rpn/.derived-data/screenshots/Build/Products/Debug-iphonesimulator/Modern\ RPN.app/__preview.dylib (in target 'Modern RPN' from project 'Modern RPN')
    cd /Users/flatherskevin/codebase/modern-rpn
    
    Signing Identity:     "Sign to Run Locally"
    
    /usr/bin/codesign --force --sign - --timestamp\=none --generate-entitlement-der /Users/flatherskevin/codebase/modern-rpn/.derived-data/screenshots/Build/Products/Debug-iphonesimulator/Modern\ RPN.app/__preview.dylib

CodeSign /Users/flatherskevin/codebase/modern-rpn/.derived-data/screenshots/Build/Products/Debug-iphonesimulator/Modern\ RPN.app (in target 'Modern RPN' from project 'Modern RPN')
    cd /Users/flatherskevin/codebase/modern-rpn
    
    Signing Identity:     "Sign to Run Locally"
    
    /usr/bin/codesign --force --sign - --timestamp\=none --generate-entitlement-der /Users/flatherskevin/codebase/modern-rpn/.derived-data/screenshots/Build/Products/Debug-iphonesimulator/Modern\ RPN.app

RegisterExecutionPolicyException /Users/flatherskevin/codebase/modern-rpn/.derived-data/screenshots/Build/Products/Debug-iphonesimulator/Modern\ RPN.app (in target 'Modern RPN' from project 'Modern RPN')
    cd /Users/flatherskevin/codebase/modern-rpn
    builtin-RegisterExecutionPolicyException /Users/flatherskevin/codebase/modern-rpn/.derived-data/screenshots/Build/Products/Debug-iphonesimulator/Modern\ RPN.app

Validate /Users/flatherskevin/codebase/modern-rpn/.derived-data/screenshots/Build/Products/Debug-iphonesimulator/Modern\ RPN.app (in target 'Modern RPN' from project 'Modern RPN')
    cd /Users/flatherskevin/codebase/modern-rpn
    builtin-validationUtility /Users/flatherskevin/codebase/modern-rpn/.derived-data/screenshots/Build/Products/Debug-iphonesimulator/Modern\ RPN.app -shallow-bundle -infoplist-subpath Info.plist

Touch /Users/flatherskevin/codebase/modern-rpn/.derived-data/screenshots/Build/Products/Debug-iphonesimulator/Modern\ RPN.app (in target 'Modern RPN' from project 'Modern RPN')
    cd /Users/flatherskevin/codebase/modern-rpn
    /usr/bin/touch -c /Users/flatherskevin/codebase/modern-rpn/.derived-data/screenshots/Build/Products/Debug-iphonesimulator/Modern\ RPN.app

** BUILD SUCCEEDED **

